<?xml version="1.0" encoding="UTF-8"?>
<!-- Generated by org.testng.reporters.JUnitReportReporter -->
<testsuite hostname="LAPTOP-523ER982" failures="0" tests="4" name="com.qa.testng.TestNGSample" time="0.048" errors="0" timestamp="11 Jul 2019 22:39:55 GMT" skipped="1">
  <testcase classname="com.qa.testng.TestNGSample" name="checkTest" time="0.038"/>
  <testcase classname="com.qa.testng.TestNGSample" name="f" time="0.006"/>
  <testcase classname="com.qa.testng.TestNGSample" name="f" time="0.004"/>
  <testcase classname="com.qa.testng.TestNGSample" name="checkTest1">
    <skipped/>
  </testcase> <!-- checkTest1 -->
</testsuite> <!-- com.qa.testng.TestNGSample -->
