<?xml version="1.0" encoding="UTF-8"?>
<!-- Generated by org.testng.reporters.JUnitReportReporter -->
<testsuite hostname="LAPTOP-523ER982" failures="0" tests="1" name="SeleniumFirst.TraverseToSibblinginXPath" time="66.006" errors="0" timestamp="19 Jun 2019 17:05:00 GMT" skipped="0">
  <testcase classname="SeleniumFirst.TraverseToSibblinginXPath" name="getSibblingXPathofWebElement" time="66.006"/>
</testsuite> <!-- SeleniumFirst.TraverseToSibblinginXPath -->
