<?xml version="1.0" encoding="UTF-8"?>
<!-- Generated by org.testng.reporters.JUnitReportReporter -->
<testsuite hostname="LAPTOP-523ER982" failures="0" tests="3" name="com.qa.testng.DataProviderDemo" time="20.750" errors="0" timestamp="15 Aug 2019 15:59:49 GMT" skipped="0">
  <testcase classname="com.qa.testng.DataProviderDemo" name="testReadExcelMethod" time="7.022"/>
  <testcase classname="com.qa.testng.DataProviderDemo" name="testReadExcelMethod" time="6.862"/>
  <testcase classname="com.qa.testng.DataProviderDemo" name="testReadExcelMethod" time="6.866"/>
</testsuite> <!-- com.qa.testng.DataProviderDemo -->
